[debug] [2025-05-22T06:48:10.451Z] ----------------------------------------------------------------------
[debug] [2025-05-22T06:48:10.462Z] Command:       C:\nvm4w\nodej\nodejs\node.exe C:\nvm4w\nodej\nodejs\node_modules\firebase-tools\lib\bin\firebase.js init
[debug] [2025-05-22T06:48:10.464Z] CLI Version:   14.4.0
[debug] [2025-05-22T06:48:10.465Z] Platform:      win32
[debug] [2025-05-22T06:48:10.465Z] Node Version:  v22.11.0
[debug] [2025-05-22T06:48:10.467Z] Time:          Thu May 22 2025 12:18:10 GMT+0530 (India Standard Time)
[debug] [2025-05-22T06:48:10.467Z] ----------------------------------------------------------------------
[debug] 
[debug] [2025-05-22T06:48:10.501Z] > command requires scopes: ["email","openid","https://www.googleapis.com/auth/cloudplatformprojects.readonly","https://www.googleapis.com/auth/firebase","https://www.googleapis.com/auth/cloud-platform"]
[debug] [2025-05-22T06:48:10.503Z] > authorizing via signed-in user (aurobindolife888@gmail.com)
[info] 
     ######## #### ########  ######## ########     ###     ######  ########
     ##        ##  ##     ## ##       ##     ##  ##   ##  ##       ##
     ######    ##  ########  ######   ########  #########  ######  ######
     ##        ##  ##    ##  ##       ##     ## ##     ##       ## ##
     ##       #### ##     ## ######## ########  ##     ##  ######  ########

You're about to initialize a Firebase project in this directory:

  C:\Users\aurob\eproject\Monitrix\web

[info] 
=== Project Setup
[info] 
[info] First, let's associate this project directory with a Firebase project.
[info] You can create multiple project aliases by running firebase use --add, 
[info] but for now we'll just set up a default project.
[info] 
[debug] [2025-05-22T06:51:39.402Z] Checked if tokens are valid: false, expires at: 1746042288201
[debug] [2025-05-22T06:51:39.403Z] Checked if tokens are valid: false, expires at: 1746042288201
[debug] [2025-05-22T06:51:39.403Z] > refreshing access token with scopes: []
[debug] [2025-05-22T06:51:39.407Z] >>> [apiv2][query] POST https://www.googleapis.com/oauth2/v3/token [none]
[debug] [2025-05-22T06:51:39.407Z] >>> [apiv2][body] POST https://www.googleapis.com/oauth2/v3/token [omitted]
[debug] [2025-05-22T06:51:40.123Z] <<< [apiv2][status] POST https://www.googleapis.com/oauth2/v3/token 200
[debug] [2025-05-22T06:51:40.123Z] <<< [apiv2][body] POST https://www.googleapis.com/oauth2/v3/token [omitted]
[debug] [2025-05-22T06:51:40.152Z] >>> [apiv2][query] GET https://firebase.googleapis.com/v1beta1/projects pageSize=100
[debug] [2025-05-22T06:51:41.039Z] <<< [apiv2][status] GET https://firebase.googleapis.com/v1beta1/projects 200
[debug] [2025-05-22T06:51:41.039Z] <<< [apiv2][body] GET https://firebase.googleapis.com/v1beta1/projects [omitted]
[info] i  Using project deployify-78fba (monitrix) 
[info] 
=== Hosting Setup
[debug] [2025-05-22T06:51:46.190Z] Checked if tokens are valid: true, expires at: 1747900299123
[debug] [2025-05-22T06:51:46.190Z] Checked if tokens are valid: true, expires at: 1747900299123
[debug] [2025-05-22T06:51:46.190Z] >>> [apiv2][query] GET https://firebase.googleapis.com/v1beta1/projects/deployify-78fba [none]
[debug] [2025-05-22T06:51:47.083Z] <<< [apiv2][status] GET https://firebase.googleapis.com/v1beta1/projects/deployify-78fba 200
[debug] [2025-05-22T06:51:47.084Z] <<< [apiv2][body] GET https://firebase.googleapis.com/v1beta1/projects/deployify-78fba {"projectId":"deployify-78fba","projectNumber":"584656949156","displayName":"monitrix","name":"projects/deployify-78fba","resources":{"hostingSite":"deployify-78fba"},"state":"ACTIVE","etag":"1_bd36e3ec-6510-415b-a927-befb15d1512e"}
[info] 
[info] Your public directory is the folder (relative to your project directory) that
[info] will contain Hosting assets to be uploaded with firebase deploy. If you
[info] have a build process for your assets, use your build's output directory.
[info] 
[info] +  Wrote yes/404.html 
[debug] [2025-05-22T06:52:16.909Z] >>> [apiv2][query] GET https://www.gstatic.com/firebasejs/releases.json [none]
[debug] [2025-05-22T06:52:17.494Z] <<< [apiv2][status] GET https://www.gstatic.com/firebasejs/releases.json 200
[debug] [2025-05-22T06:52:17.495Z] <<< [apiv2][body] GET https://www.gstatic.com/firebasejs/releases.json {"current":{"version":"11.8.1","browserURL":"https://www.gstatic.com/firebasejs/11.8.1/firebase.js","packageURL":"https://www.gstatic.com/firebasejs/11.8.1/firebase.tgz"},"live":{"version":"11.8","browserURL":"https://www.gstatic.com/firebasejs/live/11.8/firebase.js","packageURL":"https://www.gstatic.com/firebasejs/live/11.8/firebase.tgz"},"components":{"ai":"https://www.gstatic.com/firebasejs/11.8.1/firebase-ai.js","analytics":"https://www.gstatic.com/firebasejs/11.8.1/firebase-analytics.js","app":"https://www.gstatic.com/firebasejs/11.8.1/firebase-app.js","app-check":"https://www.gstatic.com/firebasejs/11.8.1/firebase-app-check.js","auth":"https://www.gstatic.com/firebasejs/11.8.1/firebase-auth.js","auth/cordova":"https://www.gstatic.com/firebasejs/11.8.1/firebase-auth/cordova.js","auth/web-extension":"https://www.gstatic.com/firebasejs/11.8.1/firebase-auth/web-extension.js","functions":"https://www.gstatic.com/firebasejs/11.8.1/firebase-functions.js","firestore":"https://www.gstatic.com/firebasejs/11.8.1/firebase-firestore.js","firestore/lite":"https://www.gstatic.com/firebasejs/11.8.1/firebase-firestore/lite.js","installations":"https://www.gstatic.com/firebasejs/11.8.1/firebase-installations.js","storage":"https://www.gstatic.com/firebasejs/11.8.1/firebase-storage.js","performance":"https://www.gstatic.com/firebasejs/11.8.1/firebase-performance.js","remote-config":"https://www.gstatic.com/firebasejs/11.8.1/firebase-remote-config.js","messaging":"https://www.gstatic.com/firebasejs/11.8.1/firebase-messaging.js","messaging/sw":"https://www.gstatic.com/firebasejs/11.8.1/firebase-messaging/sw.js","database":"https://www.gstatic.com/firebasejs/11.8.1/firebase-database.js","vertexai":"https://www.gstatic.com/firebasejs/11.8.1/firebase-vertexai.js","data-connect":"https://www.gstatic.com/firebasejs/11.8.1/firebase-data-connect.js","firestore.memory":"https://www.gstatic.com/firebasejs/11.8.1/firebase-firestore.memory.js"}}
[info] +  Wrote yes/index.html 
[info] 
[info] i  Detected a .git folder at C:\Users\aurob 
[info] i  Authorizing with GitHub to upload your service account to a GitHub repository's secrets store. 
[info] 
[info] Visit this URL on this device to log in:
[info] https://github.com/login/oauth/authorize?client_id=89cf50f02ac6aaed3484&state=492913317&redirect_uri=http%3A%2F%2Flocalhost%3A9005&scope=read%3Auser%20repo%20public_repo
[info] 
[info] Waiting for authentication...
[debug] [2025-05-22T06:53:48.438Z] >>> [apiv2][query] POST https://github.com/login/oauth/access_token [none]
[debug] [2025-05-22T06:53:48.439Z] >>> [apiv2][body] POST https://github.com/login/oauth/access_token [stream]
[debug] [2025-05-22T06:53:49.350Z] <<< [apiv2][status] POST https://github.com/login/oauth/access_token 200
[debug] [2025-05-22T06:53:49.350Z] <<< [apiv2][body] POST https://github.com/login/oauth/access_token {"access_token":"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","token_type":"bearer","scope":"read:user,repo"}
[debug] [2025-05-22T06:53:49.363Z] >>> [apiv2][query] GET https://api.github.com/user [none]
[debug] [2025-05-22T06:53:50.168Z] <<< [apiv2][status] GET https://api.github.com/user 200
[debug] [2025-05-22T06:53:50.168Z] <<< [apiv2][body] GET https://api.github.com/user {"login":"ezeslucky","id":161119463,"node_id":"U_kgDOCZp85w","avatar_url":"https://avatars.githubusercontent.com/u/161119463?v=4","gravatar_id":"","url":"https://api.github.com/users/ezeslucky","html_url":"https://github.com/ezeslucky","followers_url":"https://api.github.com/users/ezeslucky/followers","following_url":"https://api.github.com/users/ezeslucky/following{/other_user}","gists_url":"https://api.github.com/users/ezeslucky/gists{/gist_id}","starred_url":"https://api.github.com/users/ezeslucky/starred{/owner}{/repo}","subscriptions_url":"https://api.github.com/users/ezeslucky/subscriptions","organizations_url":"https://api.github.com/users/ezeslucky/orgs","repos_url":"https://api.github.com/users/ezeslucky/repos","events_url":"https://api.github.com/users/ezeslucky/events{/privacy}","received_events_url":"https://api.github.com/users/ezeslucky/received_events","type":"User","user_view_type":"private","site_admin":false,"name":"AUROBINDO ","company":null,"blog":"https://ezesluckytop.vercel.app/","location":null,"email":"aurobindolife888@gmail.com","hireable":null,"bio":"Full-Stack Engineer || Open Source \r\n\r\n","twitter_username":"ezeslucky","notification_email":"aurobindolife888@gmail.com","public_repos":156,"public_gists":0,"followers":16,"following":10,"created_at":"2024-02-24T09:08:18Z","updated_at":"2025-05-21T04:55:09Z","private_gists":0,"total_private_repos":9,"owned_private_repos":9,"disk_usage":957548,"collaborators":0,"two_factor_authentication":true,"plan":{"name":"free","space":976562499,"collaborators":0,"private_repos":10000}}
[info] 
[info] +  Success! Logged into GitHub as ezeslucky 
[info] 
[debug] [2025-05-22T06:54:09.948Z] >>> [apiv2][query] GET https://api.github.com/repos//actions/secrets/public-key type=owner
[debug] [2025-05-22T06:54:10.954Z] <<< [apiv2][status] GET https://api.github.com/repos//actions/secrets/public-key 404
[debug] [2025-05-22T06:54:10.954Z] <<< [apiv2][body] GET https://api.github.com/repos//actions/secrets/public-key {"message":"Not Found","documentation_url":"https://docs.github.com/rest","status":"404"}
[info] 
[info] 
[error] !  The provided authorization cannot be used with this repository. If this repository is in an organization, did you remember to grant access? 
[info] 
[info] i  Action required: Visit this URL to ensure access has been granted to the appropriate organization(s) for the Firebase CLI GitHub OAuth App: 
[info] https://github.com/settings/connections/applications/89cf50f02ac6aaed3484
[info] 
[debug] [2025-05-22T06:54:20.987Z] ExitPromptError: User force closed the prompt with SIGINT
    at Interface.sigint (C:\Users\aurob\AppData\Local\nvm\v22.11.0\node_modules\firebase-tools\node_modules\@inquirer\core\dist\commonjs\lib\create-prompt.js:100:37)
    at Interface.emit (node:events:518:28)
    at Interface.emit (node:domain:489:12)
    at [_ttyWrite] [as _ttyWrite] (node:internal/readline/interface:1124:18)
    at ReadStream.onkeypress (node:internal/readline/interface:263:20)
    at ReadStream.emit (node:events:530:35)
    at ReadStream.emit (node:domain:489:12)
    at emitKeys (node:internal/readline/utils:370:14)
    at emitKeys.next (<anonymous>)
    at ReadStream.onData (node:internal/readline/emitKeypressEvents:64:36)
[error] 
[error] Error: An unexpected error has occurred.
